{
 "cells": [
  {
   "cell_type": "markdown",
   "id": "6c1c4849",
   "metadata": {},
   "source": [
    "### 인덱스 설계\n",
    "\n",
    "- 행 개수가 100만 건 이상인 테이블 4개(주문, 주문상세, 결제, 배송)를 대상으로 인덱스 설계 수행"
   ]
  },
  {
   "cell_type": "code",
   "execution_count": 1,
   "id": "4b20749a",
   "metadata": {},
   "outputs": [],
   "source": [
    "from dotenv import load_dotenv\n",
    "import os\n",
    "import psycopg2\n",
    "import io\n",
    "import pandas as pd\n",
    "import time"
   ]
  },
  {
   "cell_type": "code",
   "execution_count": 2,
   "id": "6f99e481",
   "metadata": {},
   "outputs": [
    {
     "name": "stdout",
     "output_type": "stream",
     "text": [
      "('saturnbird',)\n"
     ]
    }
   ],
   "source": [
    "load_dotenv('.env')\n",
    "db_name = os.getenv('db_name')\n",
    "user_name = os.getenv('db_admin')\n",
    "password = os.getenv('password')\n",
    "\n",
    "conn = psycopg2.connect(\n",
    "    host=\"localhost\",\n",
    "    port=5432,\n",
    "    database=db_name,\n",
    "    user=user_name,\n",
    "    password=password\n",
    ")\n",
    "\n",
    "cur = conn.cursor()\n",
    "cur.execute(\"SELECT current_database();\")\n",
    "print(cur.fetchone())"
   ]
  },
  {
   "cell_type": "markdown",
   "id": "28e86808",
   "metadata": {},
   "source": [
    "#### 1. 결제 테이블 인덱스 설계"
   ]
  },
  {
   "cell_type": "code",
   "execution_count": 3,
   "id": "ea5434de",
   "metadata": {},
   "outputs": [
    {
     "name": "stdout",
     "output_type": "stream",
     "text": [
      "('Finalize Aggregate  (cost=58013.61..58013.62 rows=1 width=8) (actual time=212.237..216.567 rows=1 loops=1)',)\n",
      "('  ->  Gather  (cost=58013.40..58013.61 rows=2 width=8) (actual time=212.103..216.561 rows=3 loops=1)',)\n",
      "('        Workers Planned: 2',)\n",
      "('        Workers Launched: 2',)\n",
      "('        ->  Partial Aggregate  (cost=57013.40..57013.41 rows=1 width=8) (actual time=183.749..183.750 rows=1 loops=3)',)\n",
      "('              ->  Parallel Seq Scan on \"결제\"  (cost=0.00..57004.85 rows=3420 width=4) (actual time=183.747..183.747 rows=0 loops=3)',)\n",
      "('                    Filter: (((\"결제상태\")::text = \\'결제완료\\'::text) AND (\"결제날짜\" = CURRENT_DATE))',)\n",
      "('                    Rows Removed by Filter: 999993',)\n",
      "('Planning Time: 1.858 ms',)\n",
      "('Execution Time: 216.631 ms',)\n"
     ]
    }
   ],
   "source": [
    "cur.execute('''EXPLAIN ANALYZE\n",
    "SELECT SUM(총상품금액) AS 일매출\n",
    "FROM 결제\n",
    "WHERE 결제상태 = '결제완료'\n",
    "AND 결제날짜 = CURRENT_DATE;''')\n",
    "\n",
    "for i in cur.fetchall():\n",
    "    print(i)"
   ]
  },
  {
   "cell_type": "code",
   "execution_count": 4,
   "id": "dec283a7",
   "metadata": {},
   "outputs": [],
   "source": [
    "cur.execute('''CREATE INDEX 결제테이블_idx\n",
    "ON 결제(결제상태, 결제날짜);''')"
   ]
  },
  {
   "cell_type": "code",
   "execution_count": null,
   "id": "f94c7c67",
   "metadata": {},
   "outputs": [
    {
     "name": "stdout",
     "output_type": "stream",
     "text": [
      "('Aggregate  (cost=13135.86..13135.87 rows=1 width=8) (actual time=0.039..0.040 rows=1 loops=1)',)\n",
      "('  ->  Index Scan using \"결제테이블_idx\" on \"결제\"  (cost=0.43..13115.34 rows=8208 width=4) (actual time=0.035..0.036 rows=0 loops=1)',)\n",
      "('        Index Cond: (((\"결제상태\")::text = \\'결제완료\\'::text) AND (\"결제날짜\" = CURRENT_DATE))',)\n",
      "('Planning Time: 0.338 ms',)\n",
      "('Execution Time: 0.096 ms',)\n"
     ]
    }
   ],
   "source": [
    "# 일 매출 설계\n",
    "cur.execute('''EXPLAIN ANALYZE\n",
    "SELECT SUM(총상품금액) AS 일매출\n",
    "FROM 결제\n",
    "WHERE 결제상태 = '결제완료'\n",
    "AND 결제날짜 = CURRENT_DATE;''')\n",
    "\n",
    "for i in cur.fetchall():\n",
    "    print(i)"
   ]
  },
  {
   "cell_type": "code",
   "execution_count": null,
   "id": "3714f394",
   "metadata": {},
   "outputs": [],
   "source": [
    "cur.execute('''EXPLAIN ANALYZE\n",
    "SELECT SUM(총상품금액) AS 일매출\n",
    "FROM 결제\n",
    "WHERE 결제상태 = '결제완료'\n",
    "AND 결제날짜 = CURRENT_DATE;''')\n",
    "\n",
    "for i in cur.fetchall():\n",
    "    print(i)"
   ]
  }
 ],
 "metadata": {
  "kernelspec": {
   "display_name": "Python 3",
   "language": "python",
   "name": "python3"
  },
  "language_info": {
   "codemirror_mode": {
    "name": "ipython",
    "version": 3
   },
   "file_extension": ".py",
   "mimetype": "text/x-python",
   "name": "python",
   "nbconvert_exporter": "python",
   "pygments_lexer": "ipython3",
   "version": "3.10.6"
  }
 },
 "nbformat": 4,
 "nbformat_minor": 5
}
